<?xml version="1.0" encoding="UTF-8"?>
<testsuite xmlns:xsi="http://www.w3.org/2001/XMLSchema-instance" xsi:noNamespaceSchemaLocation="https://maven.apache.org/surefire/maven-surefire-plugin/xsd/surefire-test-report.xsd" name="com.itheima.service.UserServiceTest" time="0.526" tests="2" errors="1" skipped="0" failures="0">
  <properties>
    <property name="sun.desktop" value="windows"/>
    <property name="awt.toolkit" value="sun.awt.windows.WToolkit"/>
    <property name="file.encoding.pkg" value="sun.io"/>
    <property name="java.specification.version" value="1.8"/>
    <property name="sun.cpu.isalist" value="amd64"/>
    <property name="sun.jnu.encoding" value="GBK"/>
    <property name="java.class.path" value="D:\itheima\workspace\springboot\heima-springboot\target\test-classes;D:\itheima\workspace\springboot\heima-springboot\target\classes;D:\apps\apache-maven-3.3.9\repository\org\springframework\boot\spring-boot-starter-web\2.1.5.RELEASE\spring-boot-starter-web-2.1.5.RELEASE.jar;D:\apps\apache-maven-3.3.9\repository\org\springframework\boot\spring-boot-starter\2.1.5.RELEASE\spring-boot-starter-2.1.5.RELEASE.jar;D:\apps\apache-maven-3.3.9\repository\org\springframework\boot\spring-boot\2.1.5.RELEASE\spring-boot-2.1.5.RELEASE.jar;D:\apps\apache-maven-3.3.9\repository\org\springframework\boot\spring-boot-autoconfigure\2.1.5.RELEASE\spring-boot-autoconfigure-2.1.5.RELEASE.jar;D:\apps\apache-maven-3.3.9\repository\org\springframework\boot\spring-boot-starter-logging\2.1.5.RELEASE\spring-boot-starter-logging-2.1.5.RELEASE.jar;D:\apps\apache-maven-3.3.9\repository\ch\qos\logback\logback-classic\1.2.3\logback-classic-1.2.3.jar;D:\apps\apache-maven-3.3.9\repository\ch\qos\logback\logback-core\1.2.3\logback-core-1.2.3.jar;D:\apps\apache-maven-3.3.9\repository\org\apache\logging\log4j\log4j-to-slf4j\2.11.2\log4j-to-slf4j-2.11.2.jar;D:\apps\apache-maven-3.3.9\repository\org\apache\logging\log4j\log4j-api\2.11.2\log4j-api-2.11.2.jar;D:\apps\apache-maven-3.3.9\repository\org\slf4j\jul-to-slf4j\1.7.26\jul-to-slf4j-1.7.26.jar;D:\apps\apache-maven-3.3.9\repository\javax\annotation\javax.annotation-api\1.3.2\javax.annotation-api-1.3.2.jar;D:\apps\apache-maven-3.3.9\repository\org\yaml\snakeyaml\1.23\snakeyaml-1.23.jar;D:\apps\apache-maven-3.3.9\repository\org\springframework\boot\spring-boot-starter-json\2.1.5.RELEASE\spring-boot-starter-json-2.1.5.RELEASE.jar;D:\apps\apache-maven-3.3.9\repository\com\fasterxml\jackson\core\jackson-databind\2.9.8\jackson-databind-2.9.8.jar;D:\apps\apache-maven-3.3.9\repository\com\fasterxml\jackson\core\jackson-annotations\2.9.0\jackson-annotations-2.9.0.jar;D:\apps\apache-maven-3.3.9\repository\com\fasterxml\jackson\core\jackson-core\2.9.8\jackson-core-2.9.8.jar;D:\apps\apache-maven-3.3.9\repository\com\fasterxml\jackson\datatype\jackson-datatype-jdk8\2.9.8\jackson-datatype-jdk8-2.9.8.jar;D:\apps\apache-maven-3.3.9\repository\com\fasterxml\jackson\datatype\jackson-datatype-jsr310\2.9.8\jackson-datatype-jsr310-2.9.8.jar;D:\apps\apache-maven-3.3.9\repository\com\fasterxml\jackson\module\jackson-module-parameter-names\2.9.8\jackson-module-parameter-names-2.9.8.jar;D:\apps\apache-maven-3.3.9\repository\org\springframework\boot\spring-boot-starter-tomcat\2.1.5.RELEASE\spring-boot-starter-tomcat-2.1.5.RELEASE.jar;D:\apps\apache-maven-3.3.9\repository\org\apache\tomcat\embed\tomcat-embed-core\9.0.19\tomcat-embed-core-9.0.19.jar;D:\apps\apache-maven-3.3.9\repository\org\apache\tomcat\embed\tomcat-embed-el\9.0.19\tomcat-embed-el-9.0.19.jar;D:\apps\apache-maven-3.3.9\repository\org\apache\tomcat\embed\tomcat-embed-websocket\9.0.19\tomcat-embed-websocket-9.0.19.jar;D:\apps\apache-maven-3.3.9\repository\org\hibernate\validator\hibernate-validator\6.0.16.Final\hibernate-validator-6.0.16.Final.jar;D:\apps\apache-maven-3.3.9\repository\javax\validation\validation-api\2.0.1.Final\validation-api-2.0.1.Final.jar;D:\apps\apache-maven-3.3.9\repository\org\jboss\logging\jboss-logging\3.3.2.Final\jboss-logging-3.3.2.Final.jar;D:\apps\apache-maven-3.3.9\repository\com\fasterxml\classmate\1.4.0\classmate-1.4.0.jar;D:\apps\apache-maven-3.3.9\repository\org\springframework\spring-web\5.1.7.RELEASE\spring-web-5.1.7.RELEASE.jar;D:\apps\apache-maven-3.3.9\repository\org\springframework\spring-beans\5.1.7.RELEASE\spring-beans-5.1.7.RELEASE.jar;D:\apps\apache-maven-3.3.9\repository\org\springframework\spring-webmvc\5.1.7.RELEASE\spring-webmvc-5.1.7.RELEASE.jar;D:\apps\apache-maven-3.3.9\repository\org\springframework\spring-aop\5.1.7.RELEASE\spring-aop-5.1.7.RELEASE.jar;D:\apps\apache-maven-3.3.9\repository\org\springframework\spring-context\5.1.7.RELEASE\spring-context-5.1.7.RELEASE.jar;D:\apps\apache-maven-3.3.9\repository\org\springframework\spring-expression\5.1.7.RELEASE\spring-expression-5.1.7.RELEASE.jar;D:\apps\apache-maven-3.3.9\repository\com\alibaba\druid\1.1.6\druid-1.1.6.jar;D:\apps\apache-maven-3.3.9\repository\org\springframework\boot\spring-boot-configuration-processor\2.1.5.RELEASE\spring-boot-configuration-processor-2.1.5.RELEASE.jar;D:\apps\apache-maven-3.3.9\repository\org\projectlombok\lombok\1.18.8\lombok-1.18.8.jar;D:\apps\apache-maven-3.3.9\repository\org\springframework\boot\spring-boot-starter-jdbc\2.1.5.RELEASE\spring-boot-starter-jdbc-2.1.5.RELEASE.jar;D:\apps\apache-maven-3.3.9\repository\com\zaxxer\HikariCP\3.2.0\HikariCP-3.2.0.jar;D:\apps\apache-maven-3.3.9\repository\org\slf4j\slf4j-api\1.7.26\slf4j-api-1.7.26.jar;D:\apps\apache-maven-3.3.9\repository\org\springframework\spring-jdbc\5.1.7.RELEASE\spring-jdbc-5.1.7.RELEASE.jar;D:\apps\apache-maven-3.3.9\repository\org\springframework\spring-tx\5.1.7.RELEASE\spring-tx-5.1.7.RELEASE.jar;D:\apps\apache-maven-3.3.9\repository\mysql\mysql-connector-java\5.1.46\mysql-connector-java-5.1.46.jar;D:\apps\apache-maven-3.3.9\repository\org\mybatis\spring\boot\mybatis-spring-boot-starter\2.0.1\mybatis-spring-boot-starter-2.0.1.jar;D:\apps\apache-maven-3.3.9\repository\org\mybatis\spring\boot\mybatis-spring-boot-autoconfigure\2.0.1\mybatis-spring-boot-autoconfigure-2.0.1.jar;D:\apps\apache-maven-3.3.9\repository\org\mybatis\mybatis\3.5.1\mybatis-3.5.1.jar;D:\apps\apache-maven-3.3.9\repository\org\mybatis\mybatis-spring\2.0.1\mybatis-spring-2.0.1.jar;D:\apps\apache-maven-3.3.9\repository\tk\mybatis\mapper-spring-boot-starter\2.1.5\mapper-spring-boot-starter-2.1.5.jar;D:\apps\apache-maven-3.3.9\repository\tk\mybatis\mapper-core\1.1.5\mapper-core-1.1.5.jar;D:\apps\apache-maven-3.3.9\repository\javax\persistence\persistence-api\1.0\persistence-api-1.0.jar;D:\apps\apache-maven-3.3.9\repository\tk\mybatis\mapper-base\1.1.5\mapper-base-1.1.5.jar;D:\apps\apache-maven-3.3.9\repository\tk\mybatis\mapper-weekend\1.1.5\mapper-weekend-1.1.5.jar;D:\apps\apache-maven-3.3.9\repository\tk\mybatis\mapper-spring\1.1.5\mapper-spring-1.1.5.jar;D:\apps\apache-maven-3.3.9\repository\tk\mybatis\mapper-extra\1.1.5\mapper-extra-1.1.5.jar;D:\apps\apache-maven-3.3.9\repository\tk\mybatis\mapper-spring-boot-autoconfigure\2.1.5\mapper-spring-boot-autoconfigure-2.1.5.jar;D:\apps\apache-maven-3.3.9\repository\org\springframework\boot\spring-boot-starter-test\2.1.5.RELEASE\spring-boot-starter-test-2.1.5.RELEASE.jar;D:\apps\apache-maven-3.3.9\repository\org\springframework\boot\spring-boot-test\2.1.5.RELEASE\spring-boot-test-2.1.5.RELEASE.jar;D:\apps\apache-maven-3.3.9\repository\org\springframework\boot\spring-boot-test-autoconfigure\2.1.5.RELEASE\spring-boot-test-autoconfigure-2.1.5.RELEASE.jar;D:\apps\apache-maven-3.3.9\repository\com\jayway\jsonpath\json-path\2.4.0\json-path-2.4.0.jar;D:\apps\apache-maven-3.3.9\repository\net\minidev\json-smart\2.3\json-smart-2.3.jar;D:\apps\apache-maven-3.3.9\repository\net\minidev\accessors-smart\1.2\accessors-smart-1.2.jar;D:\apps\apache-maven-3.3.9\repository\org\ow2\asm\asm\5.0.4\asm-5.0.4.jar;D:\apps\apache-maven-3.3.9\repository\junit\junit\4.12\junit-4.12.jar;D:\apps\apache-maven-3.3.9\repository\org\assertj\assertj-core\3.11.1\assertj-core-3.11.1.jar;D:\apps\apache-maven-3.3.9\repository\org\mockito\mockito-core\2.23.4\mockito-core-2.23.4.jar;D:\apps\apache-maven-3.3.9\repository\net\bytebuddy\byte-buddy\1.9.12\byte-buddy-1.9.12.jar;D:\apps\apache-maven-3.3.9\repository\net\bytebuddy\byte-buddy-agent\1.9.12\byte-buddy-agent-1.9.12.jar;D:\apps\apache-maven-3.3.9\repository\org\objenesis\objenesis\2.6\objenesis-2.6.jar;D:\apps\apache-maven-3.3.9\repository\org\hamcrest\hamcrest-core\1.3\hamcrest-core-1.3.jar;D:\apps\apache-maven-3.3.9\repository\org\hamcrest\hamcrest-library\1.3\hamcrest-library-1.3.jar;D:\apps\apache-maven-3.3.9\repository\org\skyscreamer\jsonassert\1.5.0\jsonassert-1.5.0.jar;D:\apps\apache-maven-3.3.9\repository\com\vaadin\external\google\android-json\0.0.20131108.vaadin1\android-json-0.0.20131108.vaadin1.jar;D:\apps\apache-maven-3.3.9\repository\org\springframework\spring-core\5.1.7.RELEASE\spring-core-5.1.7.RELEASE.jar;D:\apps\apache-maven-3.3.9\repository\org\springframework\spring-jcl\5.1.7.RELEASE\spring-jcl-5.1.7.RELEASE.jar;D:\apps\apache-maven-3.3.9\repository\org\springframework\spring-test\5.1.7.RELEASE\spring-test-5.1.7.RELEASE.jar;D:\apps\apache-maven-3.3.9\repository\org\xmlunit\xmlunit-core\2.6.2\xmlunit-core-2.6.2.jar;D:\apps\apache-maven-3.3.9\repository\org\springframework\boot\spring-boot-starter-data-redis\2.1.5.RELEASE\spring-boot-starter-data-redis-2.1.5.RELEASE.jar;D:\apps\apache-maven-3.3.9\repository\org\springframework\data\spring-data-redis\2.1.8.RELEASE\spring-data-redis-2.1.8.RELEASE.jar;D:\apps\apache-maven-3.3.9\repository\org\springframework\data\spring-data-keyvalue\2.1.8.RELEASE\spring-data-keyvalue-2.1.8.RELEASE.jar;D:\apps\apache-maven-3.3.9\repository\org\springframework\data\spring-data-commons\2.1.8.RELEASE\spring-data-commons-2.1.8.RELEASE.jar;D:\apps\apache-maven-3.3.9\repository\org\springframework\spring-oxm\5.1.7.RELEASE\spring-oxm-5.1.7.RELEASE.jar;D:\apps\apache-maven-3.3.9\repository\org\springframework\spring-context-support\5.1.7.RELEASE\spring-context-support-5.1.7.RELEASE.jar;D:\apps\apache-maven-3.3.9\repository\io\lettuce\lettuce-core\5.1.6.RELEASE\lettuce-core-5.1.6.RELEASE.jar;D:\apps\apache-maven-3.3.9\repository\io\netty\netty-common\4.1.36.Final\netty-common-4.1.36.Final.jar;D:\apps\apache-maven-3.3.9\repository\io\netty\netty-handler\4.1.36.Final\netty-handler-4.1.36.Final.jar;D:\apps\apache-maven-3.3.9\repository\io\netty\netty-buffer\4.1.36.Final\netty-buffer-4.1.36.Final.jar;D:\apps\apache-maven-3.3.9\repository\io\netty\netty-codec\4.1.36.Final\netty-codec-4.1.36.Final.jar;D:\apps\apache-maven-3.3.9\repository\io\netty\netty-transport\4.1.36.Final\netty-transport-4.1.36.Final.jar;D:\apps\apache-maven-3.3.9\repository\io\netty\netty-resolver\4.1.36.Final\netty-resolver-4.1.36.Final.jar;D:\apps\apache-maven-3.3.9\repository\io\projectreactor\reactor-core\3.2.9.RELEASE\reactor-core-3.2.9.RELEASE.jar;D:\apps\apache-maven-3.3.9\repository\org\reactivestreams\reactive-streams\1.0.2\reactive-streams-1.0.2.jar;"/>
    <property name="java.vm.vendor" value="Oracle Corporation"/>
    <property name="sun.arch.data.model" value="64"/>
    <property name="user.variant" value=""/>
    <property name="java.vendor.url" value="http://java.oracle.com/"/>
    <property name="user.timezone" value="Asia/Shanghai"/>
    <property name="java.vm.specification.version" value="1.8"/>
    <property name="os.name" value="Windows 10"/>
    <property name="user.country" value="CN"/>
    <property name="sun.java.launcher" value="SUN_STANDARD"/>
    <property name="sun.boot.library.path" value="D:\apps\Java\jdk1.8.0_202\jre\bin"/>
    <property name="sun.java.command" value="C:\Users\admin\AppData\Local\Temp\surefire3379864545716206365\surefirebooter8674907900233845570.jar C:\Users\admin\AppData\Local\Temp\surefire3379864545716206365 2019-06-11T12-55-58_522-jvmRun1 surefire9200765022673958671tmp surefire_08146021219821770444tmp"/>
    <property name="surefire.test.class.path" value="D:\itheima\workspace\springboot\heima-springboot\target\test-classes;D:\itheima\workspace\springboot\heima-springboot\target\classes;D:\apps\apache-maven-3.3.9\repository\org\springframework\boot\spring-boot-starter-web\2.1.5.RELEASE\spring-boot-starter-web-2.1.5.RELEASE.jar;D:\apps\apache-maven-3.3.9\repository\org\springframework\boot\spring-boot-starter\2.1.5.RELEASE\spring-boot-starter-2.1.5.RELEASE.jar;D:\apps\apache-maven-3.3.9\repository\org\springframework\boot\spring-boot\2.1.5.RELEASE\spring-boot-2.1.5.RELEASE.jar;D:\apps\apache-maven-3.3.9\repository\org\springframework\boot\spring-boot-autoconfigure\2.1.5.RELEASE\spring-boot-autoconfigure-2.1.5.RELEASE.jar;D:\apps\apache-maven-3.3.9\repository\org\springframework\boot\spring-boot-starter-logging\2.1.5.RELEASE\spring-boot-starter-logging-2.1.5.RELEASE.jar;D:\apps\apache-maven-3.3.9\repository\ch\qos\logback\logback-classic\1.2.3\logback-classic-1.2.3.jar;D:\apps\apache-maven-3.3.9\repository\ch\qos\logback\logback-core\1.2.3\logback-core-1.2.3.jar;D:\apps\apache-maven-3.3.9\repository\org\apache\logging\log4j\log4j-to-slf4j\2.11.2\log4j-to-slf4j-2.11.2.jar;D:\apps\apache-maven-3.3.9\repository\org\apache\logging\log4j\log4j-api\2.11.2\log4j-api-2.11.2.jar;D:\apps\apache-maven-3.3.9\repository\org\slf4j\jul-to-slf4j\1.7.26\jul-to-slf4j-1.7.26.jar;D:\apps\apache-maven-3.3.9\repository\javax\annotation\javax.annotation-api\1.3.2\javax.annotation-api-1.3.2.jar;D:\apps\apache-maven-3.3.9\repository\org\yaml\snakeyaml\1.23\snakeyaml-1.23.jar;D:\apps\apache-maven-3.3.9\repository\org\springframework\boot\spring-boot-starter-json\2.1.5.RELEASE\spring-boot-starter-json-2.1.5.RELEASE.jar;D:\apps\apache-maven-3.3.9\repository\com\fasterxml\jackson\core\jackson-databind\2.9.8\jackson-databind-2.9.8.jar;D:\apps\apache-maven-3.3.9\repository\com\fasterxml\jackson\core\jackson-annotations\2.9.0\jackson-annotations-2.9.0.jar;D:\apps\apache-maven-3.3.9\repository\com\fasterxml\jackson\core\jackson-core\2.9.8\jackson-core-2.9.8.jar;D:\apps\apache-maven-3.3.9\repository\com\fasterxml\jackson\datatype\jackson-datatype-jdk8\2.9.8\jackson-datatype-jdk8-2.9.8.jar;D:\apps\apache-maven-3.3.9\repository\com\fasterxml\jackson\datatype\jackson-datatype-jsr310\2.9.8\jackson-datatype-jsr310-2.9.8.jar;D:\apps\apache-maven-3.3.9\repository\com\fasterxml\jackson\module\jackson-module-parameter-names\2.9.8\jackson-module-parameter-names-2.9.8.jar;D:\apps\apache-maven-3.3.9\repository\org\springframework\boot\spring-boot-starter-tomcat\2.1.5.RELEASE\spring-boot-starter-tomcat-2.1.5.RELEASE.jar;D:\apps\apache-maven-3.3.9\repository\org\apache\tomcat\embed\tomcat-embed-core\9.0.19\tomcat-embed-core-9.0.19.jar;D:\apps\apache-maven-3.3.9\repository\org\apache\tomcat\embed\tomcat-embed-el\9.0.19\tomcat-embed-el-9.0.19.jar;D:\apps\apache-maven-3.3.9\repository\org\apache\tomcat\embed\tomcat-embed-websocket\9.0.19\tomcat-embed-websocket-9.0.19.jar;D:\apps\apache-maven-3.3.9\repository\org\hibernate\validator\hibernate-validator\6.0.16.Final\hibernate-validator-6.0.16.Final.jar;D:\apps\apache-maven-3.3.9\repository\javax\validation\validation-api\2.0.1.Final\validation-api-2.0.1.Final.jar;D:\apps\apache-maven-3.3.9\repository\org\jboss\logging\jboss-logging\3.3.2.Final\jboss-logging-3.3.2.Final.jar;D:\apps\apache-maven-3.3.9\repository\com\fasterxml\classmate\1.4.0\classmate-1.4.0.jar;D:\apps\apache-maven-3.3.9\repository\org\springframework\spring-web\5.1.7.RELEASE\spring-web-5.1.7.RELEASE.jar;D:\apps\apache-maven-3.3.9\repository\org\springframework\spring-beans\5.1.7.RELEASE\spring-beans-5.1.7.RELEASE.jar;D:\apps\apache-maven-3.3.9\repository\org\springframework\spring-webmvc\5.1.7.RELEASE\spring-webmvc-5.1.7.RELEASE.jar;D:\apps\apache-maven-3.3.9\repository\org\springframework\spring-aop\5.1.7.RELEASE\spring-aop-5.1.7.RELEASE.jar;D:\apps\apache-maven-3.3.9\repository\org\springframework\spring-context\5.1.7.RELEASE\spring-context-5.1.7.RELEASE.jar;D:\apps\apache-maven-3.3.9\repository\org\springframework\spring-expression\5.1.7.RELEASE\spring-expression-5.1.7.RELEASE.jar;D:\apps\apache-maven-3.3.9\repository\com\alibaba\druid\1.1.6\druid-1.1.6.jar;D:\apps\apache-maven-3.3.9\repository\org\springframework\boot\spring-boot-configuration-processor\2.1.5.RELEASE\spring-boot-configuration-processor-2.1.5.RELEASE.jar;D:\apps\apache-maven-3.3.9\repository\org\projectlombok\lombok\1.18.8\lombok-1.18.8.jar;D:\apps\apache-maven-3.3.9\repository\org\springframework\boot\spring-boot-starter-jdbc\2.1.5.RELEASE\spring-boot-starter-jdbc-2.1.5.RELEASE.jar;D:\apps\apache-maven-3.3.9\repository\com\zaxxer\HikariCP\3.2.0\HikariCP-3.2.0.jar;D:\apps\apache-maven-3.3.9\repository\org\slf4j\slf4j-api\1.7.26\slf4j-api-1.7.26.jar;D:\apps\apache-maven-3.3.9\repository\org\springframework\spring-jdbc\5.1.7.RELEASE\spring-jdbc-5.1.7.RELEASE.jar;D:\apps\apache-maven-3.3.9\repository\org\springframework\spring-tx\5.1.7.RELEASE\spring-tx-5.1.7.RELEASE.jar;D:\apps\apache-maven-3.3.9\repository\mysql\mysql-connector-java\5.1.46\mysql-connector-java-5.1.46.jar;D:\apps\apache-maven-3.3.9\repository\org\mybatis\spring\boot\mybatis-spring-boot-starter\2.0.1\mybatis-spring-boot-starter-2.0.1.jar;D:\apps\apache-maven-3.3.9\repository\org\mybatis\spring\boot\mybatis-spring-boot-autoconfigure\2.0.1\mybatis-spring-boot-autoconfigure-2.0.1.jar;D:\apps\apache-maven-3.3.9\repository\org\mybatis\mybatis\3.5.1\mybatis-3.5.1.jar;D:\apps\apache-maven-3.3.9\repository\org\mybatis\mybatis-spring\2.0.1\mybatis-spring-2.0.1.jar;D:\apps\apache-maven-3.3.9\repository\tk\mybatis\mapper-spring-boot-starter\2.1.5\mapper-spring-boot-starter-2.1.5.jar;D:\apps\apache-maven-3.3.9\repository\tk\mybatis\mapper-core\1.1.5\mapper-core-1.1.5.jar;D:\apps\apache-maven-3.3.9\repository\javax\persistence\persistence-api\1.0\persistence-api-1.0.jar;D:\apps\apache-maven-3.3.9\repository\tk\mybatis\mapper-base\1.1.5\mapper-base-1.1.5.jar;D:\apps\apache-maven-3.3.9\repository\tk\mybatis\mapper-weekend\1.1.5\mapper-weekend-1.1.5.jar;D:\apps\apache-maven-3.3.9\repository\tk\mybatis\mapper-spring\1.1.5\mapper-spring-1.1.5.jar;D:\apps\apache-maven-3.3.9\repository\tk\mybatis\mapper-extra\1.1.5\mapper-extra-1.1.5.jar;D:\apps\apache-maven-3.3.9\repository\tk\mybatis\mapper-spring-boot-autoconfigure\2.1.5\mapper-spring-boot-autoconfigure-2.1.5.jar;D:\apps\apache-maven-3.3.9\repository\org\springframework\boot\spring-boot-starter-test\2.1.5.RELEASE\spring-boot-starter-test-2.1.5.RELEASE.jar;D:\apps\apache-maven-3.3.9\repository\org\springframework\boot\spring-boot-test\2.1.5.RELEASE\spring-boot-test-2.1.5.RELEASE.jar;D:\apps\apache-maven-3.3.9\repository\org\springframework\boot\spring-boot-test-autoconfigure\2.1.5.RELEASE\spring-boot-test-autoconfigure-2.1.5.RELEASE.jar;D:\apps\apache-maven-3.3.9\repository\com\jayway\jsonpath\json-path\2.4.0\json-path-2.4.0.jar;D:\apps\apache-maven-3.3.9\repository\net\minidev\json-smart\2.3\json-smart-2.3.jar;D:\apps\apache-maven-3.3.9\repository\net\minidev\accessors-smart\1.2\accessors-smart-1.2.jar;D:\apps\apache-maven-3.3.9\repository\org\ow2\asm\asm\5.0.4\asm-5.0.4.jar;D:\apps\apache-maven-3.3.9\repository\junit\junit\4.12\junit-4.12.jar;D:\apps\apache-maven-3.3.9\repository\org\assertj\assertj-core\3.11.1\assertj-core-3.11.1.jar;D:\apps\apache-maven-3.3.9\repository\org\mockito\mockito-core\2.23.4\mockito-core-2.23.4.jar;D:\apps\apache-maven-3.3.9\repository\net\bytebuddy\byte-buddy\1.9.12\byte-buddy-1.9.12.jar;D:\apps\apache-maven-3.3.9\repository\net\bytebuddy\byte-buddy-agent\1.9.12\byte-buddy-agent-1.9.12.jar;D:\apps\apache-maven-3.3.9\repository\org\objenesis\objenesis\2.6\objenesis-2.6.jar;D:\apps\apache-maven-3.3.9\repository\org\hamcrest\hamcrest-core\1.3\hamcrest-core-1.3.jar;D:\apps\apache-maven-3.3.9\repository\org\hamcrest\hamcrest-library\1.3\hamcrest-library-1.3.jar;D:\apps\apache-maven-3.3.9\repository\org\skyscreamer\jsonassert\1.5.0\jsonassert-1.5.0.jar;D:\apps\apache-maven-3.3.9\repository\com\vaadin\external\google\android-json\0.0.20131108.vaadin1\android-json-0.0.20131108.vaadin1.jar;D:\apps\apache-maven-3.3.9\repository\org\springframework\spring-core\5.1.7.RELEASE\spring-core-5.1.7.RELEASE.jar;D:\apps\apache-maven-3.3.9\repository\org\springframework\spring-jcl\5.1.7.RELEASE\spring-jcl-5.1.7.RELEASE.jar;D:\apps\apache-maven-3.3.9\repository\org\springframework\spring-test\5.1.7.RELEASE\spring-test-5.1.7.RELEASE.jar;D:\apps\apache-maven-3.3.9\repository\org\xmlunit\xmlunit-core\2.6.2\xmlunit-core-2.6.2.jar;D:\apps\apache-maven-3.3.9\repository\org\springframework\boot\spring-boot-starter-data-redis\2.1.5.RELEASE\spring-boot-starter-data-redis-2.1.5.RELEASE.jar;D:\apps\apache-maven-3.3.9\repository\org\springframework\data\spring-data-redis\2.1.8.RELEASE\spring-data-redis-2.1.8.RELEASE.jar;D:\apps\apache-maven-3.3.9\repository\org\springframework\data\spring-data-keyvalue\2.1.8.RELEASE\spring-data-keyvalue-2.1.8.RELEASE.jar;D:\apps\apache-maven-3.3.9\repository\org\springframework\data\spring-data-commons\2.1.8.RELEASE\spring-data-commons-2.1.8.RELEASE.jar;D:\apps\apache-maven-3.3.9\repository\org\springframework\spring-oxm\5.1.7.RELEASE\spring-oxm-5.1.7.RELEASE.jar;D:\apps\apache-maven-3.3.9\repository\org\springframework\spring-context-support\5.1.7.RELEASE\spring-context-support-5.1.7.RELEASE.jar;D:\apps\apache-maven-3.3.9\repository\io\lettuce\lettuce-core\5.1.6.RELEASE\lettuce-core-5.1.6.RELEASE.jar;D:\apps\apache-maven-3.3.9\repository\io\netty\netty-common\4.1.36.Final\netty-common-4.1.36.Final.jar;D:\apps\apache-maven-3.3.9\repository\io\netty\netty-handler\4.1.36.Final\netty-handler-4.1.36.Final.jar;D:\apps\apache-maven-3.3.9\repository\io\netty\netty-buffer\4.1.36.Final\netty-buffer-4.1.36.Final.jar;D:\apps\apache-maven-3.3.9\repository\io\netty\netty-codec\4.1.36.Final\netty-codec-4.1.36.Final.jar;D:\apps\apache-maven-3.3.9\repository\io\netty\netty-transport\4.1.36.Final\netty-transport-4.1.36.Final.jar;D:\apps\apache-maven-3.3.9\repository\io\netty\netty-resolver\4.1.36.Final\netty-resolver-4.1.36.Final.jar;D:\apps\apache-maven-3.3.9\repository\io\projectreactor\reactor-core\3.2.9.RELEASE\reactor-core-3.2.9.RELEASE.jar;D:\apps\apache-maven-3.3.9\repository\org\reactivestreams\reactive-streams\1.0.2\reactive-streams-1.0.2.jar;"/>
    <property name="sun.cpu.endian" value="little"/>
    <property name="user.home" value="C:\Users\admin"/>
    <property name="user.language" value="zh"/>
    <property name="java.specification.vendor" value="Oracle Corporation"/>
    <property name="java.home" value="D:\apps\Java\jdk1.8.0_202\jre"/>
    <property name="basedir" value="D:\itheima\workspace\springboot\heima-springboot"/>
    <property name="file.separator" value="\"/>
    <property name="line.separator" value="&#10;"/>
    <property name="java.vm.specification.vendor" value="Oracle Corporation"/>
    <property name="java.specification.name" value="Java Platform API Specification"/>
    <property name="java.awt.graphicsenv" value="sun.awt.Win32GraphicsEnvironment"/>
    <property name="surefire.real.class.path" value="C:\Users\admin\AppData\Local\Temp\surefire3379864545716206365\surefirebooter8674907900233845570.jar"/>
    <property name="sun.boot.class.path" value="D:\apps\Java\jdk1.8.0_202\jre\lib\resources.jar;D:\apps\Java\jdk1.8.0_202\jre\lib\rt.jar;D:\apps\Java\jdk1.8.0_202\jre\lib\sunrsasign.jar;D:\apps\Java\jdk1.8.0_202\jre\lib\jsse.jar;D:\apps\Java\jdk1.8.0_202\jre\lib\jce.jar;D:\apps\Java\jdk1.8.0_202\jre\lib\charsets.jar;D:\apps\Java\jdk1.8.0_202\jre\lib\jfr.jar;D:\apps\Java\jdk1.8.0_202\jre\classes"/>
    <property name="user.script" value=""/>
    <property name="sun.management.compiler" value="HotSpot 64-Bit Tiered Compilers"/>
    <property name="java.runtime.version" value="1.8.0_202-b08"/>
    <property name="user.name" value="admin"/>
    <property name="path.separator" value=";"/>
    <property name="os.version" value="10.0"/>
    <property name="java.endorsed.dirs" value="D:\apps\Java\jdk1.8.0_202\jre\lib\endorsed"/>
    <property name="java.runtime.name" value="Java(TM) SE Runtime Environment"/>
    <property name="file.encoding" value="GBK"/>
    <property name="java.vm.name" value="Java HotSpot(TM) 64-Bit Server VM"/>
    <property name="localRepository" value="D:\apps\apache-maven-3.3.9\repository"/>
    <property name="java.vendor.url.bug" value="http://bugreport.sun.com/bugreport/"/>
    <property name="java.io.tmpdir" value="C:\Users\admin\AppData\Local\Temp\"/>
    <property name="java.version" value="1.8.0_202"/>
    <property name="user.dir" value="D:\itheima\workspace\springboot\heima-springboot"/>
    <property name="os.arch" value="amd64"/>
    <property name="java.vm.specification.name" value="Java Virtual Machine Specification"/>
    <property name="java.awt.printerjob" value="sun.awt.windows.WPrinterJob"/>
    <property name="sun.os.patch.level" value=""/>
    <property name="idea.version2019.1" value="true"/>
    <property name="java.library.path" value="D:\apps\Java\jdk1.8.0_202\jre\bin;C:\Windows\Sun\Java\bin;C:\Windows\system32;C:\Windows;C:\Program Files (x86)\Common Files\Oracle\Java\javapath;C:\Windows\system32;C:\Windows;C:\Windows\System32\Wbem;C:\Windows\System32\WindowsPowerShell\v1.0\;C:\Program Files\erl9.3\bin;."/>
    <property name="java.vm.info" value="mixed mode"/>
    <property name="java.vendor" value="Oracle Corporation"/>
    <property name="java.vm.version" value="25.202-b08"/>
    <property name="java.ext.dirs" value="D:\apps\Java\jdk1.8.0_202\jre\lib\ext;C:\Windows\Sun\Java\lib\ext"/>
    <property name="sun.io.unicode.encoding" value="UnicodeLittle"/>
    <property name="java.class.version" value="52.0"/>
  </properties>
  <testcase name="saveUser" classname="com.itheima.service.UserServiceTest" time="0.494">
    <error message="/ by zero" type="java.lang.ArithmeticException">java.lang.ArithmeticException: / by zero
	at com.itheima.service.UserServiceTest.saveUser(UserServiceTest.java:34)
</error>
    <system-out><![CDATA[2019-06-11 12:56:07.291  INFO 11108 --- [           main] .b.t.c.SpringBootTestContextBootstrapper : Neither @ContextConfiguration nor @ContextHierarchy found for test class [com.itheima.service.UserServiceTest], using SpringBootContextLoader
2019-06-11 12:56:07.291  INFO 11108 --- [           main] o.s.t.c.support.AbstractContextLoader    : Could not detect default resource locations for test class [com.itheima.service.UserServiceTest]: no resource found for suffixes {-context.xml, Context.groovy}.
2019-06-11 12:56:07.292  INFO 11108 --- [           main] t.c.s.AnnotationConfigContextLoaderUtils : Could not detect default configuration classes for test class [com.itheima.service.UserServiceTest]: UserServiceTest does not declare any static, non-private, non-final, nested classes annotated with @Configuration.
2019-06-11 12:56:07.298  INFO 11108 --- [           main] .b.t.c.SpringBootTestContextBootstrapper : Found @SpringBootConfiguration com.itheima.Application for test class com.itheima.service.UserServiceTest
2019-06-11 12:56:07.299  INFO 11108 --- [           main] .b.t.c.SpringBootTestContextBootstrapper : Loaded default TestExecutionListener class names from location [META-INF/spring.factories]: [org.springframework.boot.test.mock.mockito.MockitoTestExecutionListener, org.springframework.boot.test.mock.mockito.ResetMocksTestExecutionListener, org.springframework.boot.test.autoconfigure.restdocs.RestDocsTestExecutionListener, org.springframework.boot.test.autoconfigure.web.client.MockRestServiceServerResetTestExecutionListener, org.springframework.boot.test.autoconfigure.web.servlet.MockMvcPrintOnlyOnFailureTestExecutionListener, org.springframework.boot.test.autoconfigure.web.servlet.WebDriverTestExecutionListener, org.springframework.test.context.web.ServletTestExecutionListener, org.springframework.test.context.support.DirtiesContextBeforeModesTestExecutionListener, org.springframework.test.context.support.DependencyInjectionTestExecutionListener, org.springframework.test.context.support.DirtiesContextTestExecutionListener, org.springframework.test.context.transaction.TransactionalTestExecutionListener, org.springframework.test.context.jdbc.SqlScriptsTestExecutionListener]
2019-06-11 12:56:07.299  INFO 11108 --- [           main] .b.t.c.SpringBootTestContextBootstrapper : Using TestExecutionListeners: [org.springframework.test.context.web.ServletTestExecutionListener@7675c171, org.springframework.test.context.support.DirtiesContextBeforeModesTestExecutionListener@44e4cb76, org.springframework.boot.test.mock.mockito.MockitoTestExecutionListener@51cab489, org.springframework.boot.test.autoconfigure.SpringBootDependencyInjectionTestExecutionListener@2f9a10df, org.springframework.test.context.support.DirtiesContextTestExecutionListener@773c2214, org.springframework.test.context.transaction.TransactionalTestExecutionListener@15e1f8fe, org.springframework.test.context.jdbc.SqlScriptsTestExecutionListener@110b7837, org.springframework.boot.test.mock.mockito.ResetMocksTestExecutionListener@6ee88e21, org.springframework.boot.test.autoconfigure.restdocs.RestDocsTestExecutionListener@78d23d6a, org.springframework.boot.test.autoconfigure.web.client.MockRestServiceServerResetTestExecutionListener@626e0c86, org.springframework.boot.test.autoconfigure.web.servlet.MockMvcPrintOnlyOnFailureTestExecutionListener@28ee0a3c, org.springframework.boot.test.autoconfigure.web.servlet.WebDriverTestExecutionListener@2dd1086]
2019-06-11 12:56:07.314  INFO 11108 --- [           main] com.zaxxer.hikari.HikariDataSource       : HikariPool-1 - Starting...
2019-06-11 12:56:07.600  INFO 11108 --- [           main] com.zaxxer.hikari.HikariDataSource       : HikariPool-1 - Start completed.
新增用户... 
Creating a new SqlSession
Registering transaction synchronization for SqlSession [org.apache.ibatis.session.defaults.DefaultSqlSession@626b639e]
JDBC Connection [HikariProxyConnection@2053491093 wrapping com.mysql.jdbc.JDBC4Connection@7c950b3b] will be managed by Spring
==>  Preparing: INSERT INTO tb_user ( id,user_name,password,name,age,sex,created ) VALUES( ?,?,?,?,?,?,? ) 
==> Parameters: null, test2(String), 123456(String), test2(String), 13(Integer), 1(Integer), 2019-06-11 12:56:07.306(Timestamp)
<==    Updates: 1
Releasing transactional SqlSession [org.apache.ibatis.session.defaults.DefaultSqlSession@626b639e]
Transaction synchronization deregistering SqlSession [org.apache.ibatis.session.defaults.DefaultSqlSession@626b639e]
Transaction synchronization closing SqlSession [org.apache.ibatis.session.defaults.DefaultSqlSession@626b639e]
]]></system-out>
  </testcase>
  <testcase name="queryById" classname="com.itheima.service.UserServiceTest" time="0.03"/>
</testsuite>